<?xml version="1.0" encoding="UTF-8"?>
<!-- Generated by org.testng.reporters.JUnitReportReporter -->
<testsuite hostname="USERs-MacBook-Air.local" name="medicareTest.EmployeeLogin" tests="2" failures="0" timestamp="30 Mar 2022 08:50:17 GMT" time="21.560" errors="0">
  <testcase name="login" time="4.375" classname="medicareTest.EmployeeLogin"/>
  <testcase name="setDriver" time="17.185" classname="medicareTest.EmployeeLogin"/>
</testsuite> <!-- medicareTest.EmployeeLogin -->
